[2026-03-04T15:57:48.341+0530][info][gc] Using G1
[2026-03-04T15:57:48.341+0530][info][gc,init] Version: 17.0.12+8-LTS-286 (release)
[2026-03-04T15:57:48.341+0530][info][gc,init] CPUs: 16 total, 16 available
[2026-03-04T15:57:48.341+0530][info][gc,init] Memory: 16044M
[2026-03-04T15:57:48.341+0530][info][gc,init] Large Page Support: Disabled
[2026-03-04T15:57:48.341+0530][info][gc,init] NUMA Support: Disabled
[2026-03-04T15:57:48.341+0530][info][gc,init] Compressed Oops: Enabled (32-bit)
[2026-03-04T15:57:48.341+0530][info][gc,init] Heap Region Size: 1M
[2026-03-04T15:57:48.341+0530][info][gc,init] Heap Min Capacity: 512M
[2026-03-04T15:57:48.341+0530][info][gc,init] Heap Initial Capacity: 512M
[2026-03-04T15:57:48.341+0530][info][gc,init] Heap Max Capacity: 514M
[2026-03-04T15:57:48.341+0530][info][gc,init] Pre-touch: Disabled
[2026-03-04T15:57:48.341+0530][info][gc,init] Parallel Workers: 13
[2026-03-04T15:57:48.341+0530][info][gc,init] Concurrent Workers: 3
[2026-03-04T15:57:48.341+0530][info][gc,init] Concurrent Refinement Workers: 13
[2026-03-04T15:57:48.341+0530][info][gc,init] Periodic GC: Disabled
[2026-03-04T15:57:48.357+0530][info][gc,metaspace] CDS archive(s) mapped at: [0x0000025143000000-0x0000025143bd0000-0x0000025143bd0000), size 12386304, SharedBaseAddress: 0x0000025143000000, ArchiveRelocationMode: 1.
[2026-03-04T15:57:48.357+0530][info][gc,metaspace] Compressed class space mapped at: 0x0000025144000000-0x0000025184000000, reserved size: 1073741824
[2026-03-04T15:57:48.357+0530][info][gc,metaspace] Narrow klass base: 0x0000025143000000, Narrow klass shift: 0, Narrow klass range: 0x100000000
[2026-03-04T15:57:49.111+0530][info][gc,start    ] GC(0) Pause Young (Normal) (G1 Evacuation Pause)
[2026-03-04T15:57:49.111+0530][info][gc,task     ] GC(0) Using 12 workers of 13 for evacuation
[2026-03-04T15:57:49.116+0530][info][gc,phases   ] GC(0)   Pre Evacuate Collection Set: 0.1ms
[2026-03-04T15:57:49.116+0530][info][gc,phases   ] GC(0)   Merge Heap Roots: 0.1ms
[2026-03-04T15:57:49.116+0530][info][gc,phases   ] GC(0)   Evacuate Collection Set: 3.5ms
[2026-03-04T15:57:49.116+0530][info][gc,phases   ] GC(0)   Post Evacuate Collection Set: 0.4ms
[2026-03-04T15:57:49.116+0530][info][gc,phases   ] GC(0)   Other: 0.6ms
[2026-03-04T15:57:49.116+0530][info][gc,heap     ] GC(0) Eden regions: 25->0(29)
[2026-03-04T15:57:49.116+0530][info][gc,heap     ] GC(0) Survivor regions: 0->4(4)
[2026-03-04T15:57:49.116+0530][info][gc,heap     ] GC(0) Old regions: 0->3
[2026-03-04T15:57:49.116+0530][info][gc,heap     ] GC(0) Archive regions: 0->0
[2026-03-04T15:57:49.116+0530][info][gc,heap     ] GC(0) Humongous regions: 2->2
[2026-03-04T15:57:49.116+0530][info][gc,metaspace] GC(0) Metaspace: 7830K(8000K)->7830K(8000K) NonClass: 6943K(7040K)->6943K(7040K) Class: 887K(960K)->887K(960K)
[2026-03-04T15:57:49.116+0530][info][gc          ] GC(0) Pause Young (Normal) (G1 Evacuation Pause) 27M->8M(512M) 4.963ms
[2026-03-04T15:57:49.116+0530][info][gc,cpu      ] GC(0) User=0.00s Sys=0.00s Real=0.00s
[2026-03-04T15:57:49.603+0530][info][gc,start    ] GC(1) Pause Young (Normal) (G1 Evacuation Pause)
[2026-03-04T15:57:49.603+0530][info][gc,task     ] GC(1) Using 12 workers of 13 for evacuation
[2026-03-04T15:57:49.606+0530][info][gc,phases   ] GC(1)   Pre Evacuate Collection Set: 0.1ms
[2026-03-04T15:57:49.606+0530][info][gc,phases   ] GC(1)   Merge Heap Roots: 0.1ms
[2026-03-04T15:57:49.606+0530][info][gc,phases   ] GC(1)   Evacuate Collection Set: 2.2ms
[2026-03-04T15:57:49.606+0530][info][gc,phases   ] GC(1)   Post Evacuate Collection Set: 0.4ms
[2026-03-04T15:57:49.606+0530][info][gc,phases   ] GC(1)   Other: 0.1ms
[2026-03-04T15:57:49.606+0530][info][gc,heap     ] GC(1) Eden regions: 25->0(57)
[2026-03-04T15:57:49.606+0530][info][gc,heap     ] GC(1) Survivor regions: 4->2(4)
[2026-03-04T15:57:49.606+0530][info][gc,heap     ] GC(1) Old regions: 3->7
[2026-03-04T15:57:49.606+0530][info][gc,heap     ] GC(1) Archive regions: 0->0
[2026-03-04T15:57:49.606+0530][info][gc,heap     ] GC(1) Humongous regions: 2->2
[2026-03-04T15:57:49.606+0530][info][gc,metaspace] GC(1) Metaspace: 13721K(14016K)->13721K(14016K) NonClass: 12042K(12224K)->12042K(12224K) Class: 1678K(1792K)->1678K(1792K)
[2026-03-04T15:57:49.606+0530][info][gc          ] GC(1) Pause Young (Normal) (G1 Evacuation Pause) 33M->10M(512M) 3.142ms
[2026-03-04T15:57:49.606+0530][info][gc,cpu      ] GC(1) User=0.00s Sys=0.00s Real=0.00s
[2026-03-04T15:57:50.110+0530][info][gc,start    ] GC(2) Pause Young (Concurrent Start) (Metadata GC Threshold)
[2026-03-04T15:57:50.110+0530][info][gc,task     ] GC(2) Using 12 workers of 13 for evacuation
[2026-03-04T15:57:50.113+0530][info][gc,phases   ] GC(2)   Pre Evacuate Collection Set: 0.1ms
[2026-03-04T15:57:50.113+0530][info][gc,phases   ] GC(2)   Merge Heap Roots: 0.1ms
[2026-03-04T15:57:50.113+0530][info][gc,phases   ] GC(2)   Evacuate Collection Set: 2.2ms
[2026-03-04T15:57:50.113+0530][info][gc,phases   ] GC(2)   Post Evacuate Collection Set: 0.4ms
[2026-03-04T15:57:50.113+0530][info][gc,phases   ] GC(2)   Other: 0.2ms
[2026-03-04T15:57:50.113+0530][info][gc,heap     ] GC(2) Eden regions: 36->0(301)
[2026-03-04T15:57:50.113+0530][info][gc,heap     ] GC(2) Survivor regions: 2->6(8)
[2026-03-04T15:57:50.113+0530][info][gc,heap     ] GC(2) Old regions: 7->7
[2026-03-04T15:57:50.113+0530][info][gc,heap     ] GC(2) Archive regions: 0->0
[2026-03-04T15:57:50.113+0530][info][gc,heap     ] GC(2) Humongous regions: 2->2
[2026-03-04T15:57:50.113+0530][info][gc,metaspace] GC(2) Metaspace: 21220K(21504K)->21220K(21504K) NonClass: 18629K(18752K)->18629K(18752K) Class: 2590K(2752K)->2590K(2752K)
[2026-03-04T15:57:50.113+0530][info][gc          ] GC(2) Pause Young (Concurrent Start) (Metadata GC Threshold) 45M->13M(512M) 3.019ms
[2026-03-04T15:57:50.113+0530][info][gc,cpu      ] GC(2) User=0.06s Sys=0.14s Real=0.00s
[2026-03-04T15:57:50.113+0530][info][gc          ] GC(3) Concurrent Mark Cycle
[2026-03-04T15:57:50.113+0530][info][gc,marking  ] GC(3) Concurrent Clear Claimed Marks
[2026-03-04T15:57:50.113+0530][info][gc,marking  ] GC(3) Concurrent Clear Claimed Marks 0.017ms
[2026-03-04T15:57:50.113+0530][info][gc,marking  ] GC(3) Concurrent Scan Root Regions
[2026-03-04T15:57:50.115+0530][info][gc,marking  ] GC(3) Concurrent Scan Root Regions 1.275ms
[2026-03-04T15:57:50.115+0530][info][gc,marking  ] GC(3) Concurrent Mark
[2026-03-04T15:57:50.115+0530][info][gc,marking  ] GC(3) Concurrent Mark From Roots
[2026-03-04T15:57:50.115+0530][info][gc,task     ] GC(3) Using 3 workers of 3 for marking
[2026-03-04T15:57:50.116+0530][info][gc,marking  ] GC(3) Concurrent Mark From Roots 1.724ms
[2026-03-04T15:57:50.116+0530][info][gc,marking  ] GC(3) Concurrent Preclean
[2026-03-04T15:57:50.116+0530][info][gc,marking  ] GC(3) Concurrent Preclean 0.065ms
[2026-03-04T15:57:50.116+0530][info][gc,start    ] GC(3) Pause Remark
[2026-03-04T15:57:50.117+0530][info][gc          ] GC(3) Pause Remark 14M->14M(512M) 1.313ms
[2026-03-04T15:57:50.117+0530][info][gc,cpu      ] GC(3) User=0.00s Sys=0.00s Real=0.00s
[2026-03-04T15:57:50.117+0530][info][gc,marking  ] GC(3) Concurrent Mark 3.317ms
[2026-03-04T15:57:50.117+0530][info][gc,marking  ] GC(3) Concurrent Rebuild Remembered Sets
[2026-03-04T15:57:50.118+0530][info][gc,marking  ] GC(3) Concurrent Rebuild Remembered Sets 1.150ms
[2026-03-04T15:57:50.118+0530][info][gc,start    ] GC(3) Pause Cleanup
[2026-03-04T15:57:50.118+0530][info][gc          ] GC(3) Pause Cleanup 14M->14M(512M) 0.095ms
[2026-03-04T15:57:50.118+0530][info][gc,cpu      ] GC(3) User=0.00s Sys=0.00s Real=0.00s
[2026-03-04T15:57:50.118+0530][info][gc,marking  ] GC(3) Concurrent Cleanup for Next Mark
[2026-03-04T15:57:50.120+0530][info][gc,marking  ] GC(3) Concurrent Cleanup for Next Mark 0.881ms
[2026-03-04T15:57:50.120+0530][info][gc          ] GC(3) Concurrent Mark Cycle 7.046ms
[2026-03-04T15:57:52.438+0530][info][gc,start    ] GC(4) Pause Young (Concurrent Start) (Metadata GC Threshold)
[2026-03-04T15:57:52.438+0530][info][gc,task     ] GC(4) Using 12 workers of 13 for evacuation
[2026-03-04T15:57:52.447+0530][info][gc,phases   ] GC(4)   Pre Evacuate Collection Set: 0.1ms
[2026-03-04T15:57:52.447+0530][info][gc,phases   ] GC(4)   Merge Heap Roots: 0.1ms
[2026-03-04T15:57:52.447+0530][info][gc,phases   ] GC(4)   Evacuate Collection Set: 6.2ms
[2026-03-04T15:57:52.447+0530][info][gc,phases   ] GC(4)   Post Evacuate Collection Set: 0.6ms
[2026-03-04T15:57:52.447+0530][info][gc,phases   ] GC(4)   Other: 0.2ms
[2026-03-04T15:57:52.447+0530][info][gc,heap     ] GC(4) Eden regions: 116->0(237)
[2026-03-04T15:57:52.447+0530][info][gc,heap     ] GC(4) Survivor regions: 6->13(39)
[2026-03-04T15:57:52.447+0530][info][gc,heap     ] GC(4) Old regions: 7->7
[2026-03-04T15:57:52.447+0530][info][gc,heap     ] GC(4) Archive regions: 0->0
[2026-03-04T15:57:52.447+0530][info][gc,heap     ] GC(4) Humongous regions: 2->2
[2026-03-04T15:57:52.447+0530][info][gc,metaspace] GC(4) Metaspace: 35507K(35968K)->35507K(35968K) NonClass: 31018K(31296K)->31018K(31296K) Class: 4489K(4672K)->4489K(4672K)
[2026-03-04T15:57:52.447+0530][info][gc          ] GC(4) Pause Young (Concurrent Start) (Metadata GC Threshold) 129M->21M(512M) 7.600ms
[2026-03-04T15:57:52.447+0530][info][gc,cpu      ] GC(4) User=0.00s Sys=0.00s Real=0.01s
[2026-03-04T15:57:52.447+0530][info][gc          ] GC(5) Concurrent Mark Cycle
[2026-03-04T15:57:52.447+0530][info][gc,marking  ] GC(5) Concurrent Clear Claimed Marks
[2026-03-04T15:57:52.447+0530][info][gc,marking  ] GC(5) Concurrent Clear Claimed Marks 0.047ms
[2026-03-04T15:57:52.447+0530][info][gc,marking  ] GC(5) Concurrent Scan Root Regions
[2026-03-04T15:57:52.451+0530][info][gc,marking  ] GC(5) Concurrent Scan Root Regions 3.605ms
[2026-03-04T15:57:52.451+0530][info][gc,marking  ] GC(5) Concurrent Mark
[2026-03-04T15:57:52.453+0530][info][gc,marking  ] GC(5) Concurrent Mark From Roots
[2026-03-04T15:57:52.453+0530][info][gc,task     ] GC(5) Using 3 workers of 3 for marking
[2026-03-04T15:57:52.455+0530][info][gc,marking  ] GC(5) Concurrent Mark From Roots 2.630ms
[2026-03-04T15:57:52.455+0530][info][gc,marking  ] GC(5) Concurrent Preclean
[2026-03-04T15:57:52.455+0530][info][gc,marking  ] GC(5) Concurrent Preclean 0.151ms
[2026-03-04T15:57:52.455+0530][info][gc,start    ] GC(5) Pause Remark
[2026-03-04T15:57:52.460+0530][info][gc          ] GC(5) Pause Remark 21M->21M(512M) 3.805ms
[2026-03-04T15:57:52.460+0530][info][gc,cpu      ] GC(5) User=0.00s Sys=0.00s Real=0.01s
[2026-03-04T15:57:52.460+0530][info][gc,marking  ] GC(5) Concurrent Mark 7.091ms
[2026-03-04T15:57:52.460+0530][info][gc,marking  ] GC(5) Concurrent Rebuild Remembered Sets
[2026-03-04T15:57:52.462+0530][info][gc,marking  ] GC(5) Concurrent Rebuild Remembered Sets 1.207ms
[2026-03-04T15:57:52.462+0530][info][gc,start    ] GC(5) Pause Cleanup
[2026-03-04T15:57:52.462+0530][info][gc          ] GC(5) Pause Cleanup 21M->21M(512M) 0.138ms
[2026-03-04T15:57:52.462+0530][info][gc,cpu      ] GC(5) User=0.00s Sys=0.00s Real=0.00s
[2026-03-04T15:57:52.462+0530][info][gc,marking  ] GC(5) Concurrent Cleanup for Next Mark
[2026-03-04T15:57:52.463+0530][info][gc,marking  ] GC(5) Concurrent Cleanup for Next Mark 0.997ms
[2026-03-04T15:57:52.463+0530][info][gc          ] GC(5) Concurrent Mark Cycle 13.528ms
[2026-03-04T15:57:54.825+0530][info][gc,start    ] GC(6) Pause Young (Concurrent Start) (Metadata GC Threshold)
[2026-03-04T15:57:54.825+0530][info][gc,task     ] GC(6) Using 12 workers of 13 for evacuation
[2026-03-04T15:57:54.833+0530][info][gc,phases   ] GC(6)   Pre Evacuate Collection Set: 0.1ms
[2026-03-04T15:57:54.833+0530][info][gc,phases   ] GC(6)   Merge Heap Roots: 0.1ms
[2026-03-04T15:57:54.833+0530][info][gc,phases   ] GC(6)   Evacuate Collection Set: 6.3ms
[2026-03-04T15:57:54.833+0530][info][gc,phases   ] GC(6)   Post Evacuate Collection Set: 1.1ms
[2026-03-04T15:57:54.833+0530][info][gc,phases   ] GC(6)   Other: 0.1ms
[2026-03-04T15:57:54.833+0530][info][gc,heap     ] GC(6) Eden regions: 93->0(288)
[2026-03-04T15:57:54.833+0530][info][gc,heap     ] GC(6) Survivor regions: 13->19(35)
[2026-03-04T15:57:54.833+0530][info][gc,heap     ] GC(6) Old regions: 7->7
[2026-03-04T15:57:54.833+0530][info][gc,heap     ] GC(6) Archive regions: 0->0
[2026-03-04T15:57:54.833+0530][info][gc,heap     ] GC(6) Humongous regions: 2->2
[2026-03-04T15:57:54.833+0530][info][gc,metaspace] GC(6) Metaspace: 59574K(60096K)->59574K(60096K) NonClass: 51771K(52032K)->51771K(52032K) Class: 7803K(8064K)->7803K(8064K)
[2026-03-04T15:57:54.833+0530][info][gc          ] GC(6) Pause Young (Concurrent Start) (Metadata GC Threshold) 114M->27M(512M) 7.871ms
[2026-03-04T15:57:54.833+0530][info][gc,cpu      ] GC(6) User=0.06s Sys=0.03s Real=0.01s
[2026-03-04T15:57:54.833+0530][info][gc          ] GC(7) Concurrent Mark Cycle
[2026-03-04T15:57:54.833+0530][info][gc,marking  ] GC(7) Concurrent Clear Claimed Marks
[2026-03-04T15:57:54.833+0530][info][gc,marking  ] GC(7) Concurrent Clear Claimed Marks 0.031ms
[2026-03-04T15:57:54.833+0530][info][gc,marking  ] GC(7) Concurrent Scan Root Regions
[2026-03-04T15:57:54.837+0530][info][gc,marking  ] GC(7) Concurrent Scan Root Regions 4.056ms
[2026-03-04T15:57:54.837+0530][info][gc,marking  ] GC(7) Concurrent Mark
[2026-03-04T15:57:54.837+0530][info][gc,marking  ] GC(7) Concurrent Mark From Roots
[2026-03-04T15:57:54.837+0530][info][gc,task     ] GC(7) Using 3 workers of 3 for marking
[2026-03-04T15:57:54.839+0530][info][gc,marking  ] GC(7) Concurrent Mark From Roots 1.369ms
[2026-03-04T15:57:54.839+0530][info][gc,marking  ] GC(7) Concurrent Preclean
[2026-03-04T15:57:54.839+0530][info][gc,marking  ] GC(7) Concurrent Preclean 0.117ms
[2026-03-04T15:57:54.851+0530][info][gc,start    ] GC(7) Pause Remark
[2026-03-04T15:57:54.855+0530][info][gc          ] GC(7) Pause Remark 28M->28M(512M) 6.917ms
[2026-03-04T15:57:54.855+0530][info][gc,cpu      ] GC(7) User=0.00s Sys=0.00s Real=0.00s
[2026-03-04T15:57:54.855+0530][info][gc,marking  ] GC(7) Concurrent Mark 19.492ms
[2026-03-04T15:57:54.855+0530][info][gc,marking  ] GC(7) Concurrent Rebuild Remembered Sets
[2026-03-04T15:57:54.855+0530][info][gc,marking  ] GC(7) Concurrent Rebuild Remembered Sets 0.934ms
[2026-03-04T15:57:54.855+0530][info][gc,start    ] GC(7) Pause Cleanup
[2026-03-04T15:57:54.855+0530][info][gc          ] GC(7) Pause Cleanup 28M->28M(512M) 0.319ms
[2026-03-04T15:57:54.855+0530][info][gc,cpu      ] GC(7) User=0.00s Sys=0.00s Real=0.00s
[2026-03-04T15:57:54.855+0530][info][gc,marking  ] GC(7) Concurrent Cleanup for Next Mark
[2026-03-04T15:57:54.855+0530][info][gc,marking  ] GC(7) Concurrent Cleanup for Next Mark 0.374ms
[2026-03-04T15:57:54.855+0530][info][gc          ] GC(7) Concurrent Mark Cycle 26.468ms
[2026-03-04T16:12:20.123+0530][info][gc,start    ] GC(8) Pause Young (Normal) (G1 Evacuation Pause)
[2026-03-04T16:12:20.123+0530][info][gc,task     ] GC(8) Using 12 workers of 13 for evacuation
[2026-03-04T16:12:20.150+0530][info][gc,phases   ] GC(8)   Pre Evacuate Collection Set: 0.2ms
[2026-03-04T16:12:20.150+0530][info][gc,phases   ] GC(8)   Merge Heap Roots: 0.2ms
[2026-03-04T16:12:20.150+0530][info][gc,phases   ] GC(8)   Evacuate Collection Set: 23.3ms
[2026-03-04T16:12:20.150+0530][info][gc,phases   ] GC(8)   Post Evacuate Collection Set: 3.3ms
[2026-03-04T16:12:20.150+0530][info][gc,phases   ] GC(8)   Other: 0.3ms
[2026-03-04T16:12:20.150+0530][info][gc,heap     ] GC(8) Eden regions: 288->0(278)
[2026-03-04T16:12:20.150+0530][info][gc,heap     ] GC(8) Survivor regions: 19->29(39)
[2026-03-04T16:12:20.150+0530][info][gc,heap     ] GC(8) Old regions: 7->7
[2026-03-04T16:12:20.150+0530][info][gc,heap     ] GC(8) Archive regions: 0->0
[2026-03-04T16:12:20.150+0530][info][gc,heap     ] GC(8) Humongous regions: 2->2
[2026-03-04T16:12:20.150+0530][info][gc,metaspace] GC(8) Metaspace: 86479K(87168K)->86479K(87168K) NonClass: 74585K(74944K)->74585K(74944K) Class: 11893K(12224K)->11893K(12224K)
[2026-03-04T16:12:20.150+0530][info][gc          ] GC(8) Pause Young (Normal) (G1 Evacuation Pause) 315M->37M(512M) 27.454ms
[2026-03-04T16:12:20.150+0530][info][gc,cpu      ] GC(8) User=0.14s Sys=0.08s Real=0.03s
[2026-03-04T20:31:42.749+0530][info][gc,heap,exit] Heap
[2026-03-04T20:31:42.749+0530][info][gc,heap,exit]  garbage-first heap   total 524288K, used 255444K [0x00000000dfe00000, 0x0000000100000000)
[2026-03-04T20:31:42.749+0530][info][gc,heap,exit]   region size 1024K, 241 young (246784K), 29 survivors (29696K)
[2026-03-04T20:31:42.749+0530][info][gc,heap,exit]  Metaspace       used 87286K, committed 88000K, reserved 1179648K
[2026-03-04T20:31:42.749+0530][info][gc,heap,exit]   class space    used 11967K, committed 12352K, reserved 1048576K
